<?xml version="1.0" encoding="UTF-8"?>
<!-- Generated by org.testng.reporters.JUnitReportReporter -->
<testsuite hostname="LAPTOP-3C7ES90Q" failures="0" tests="2" name="PractProjModule1.TestComponent.ErrorValidationTest" time="14.568" errors="0" timestamp="2024-10-20T16:04:41 IST" skipped="0">
  <testcase classname="PractProjModule1.TestComponent.ErrorValidationTest" name="errorValidationLoginPg" time="5.635"/>
  <testcase classname="PractProjModule1.TestComponent.ErrorValidationTest" name="errorValidationCartPage" time="8.933"/>
</testsuite> <!-- PractProjModule1.TestComponent.ErrorValidationTest -->
